
  You can now view your Streamlit app in your browser.

  Local URL: http://localhost:8501
  Network URL: http://10.28.102.232:8501

  For better performance, install the Watchdog module:

  $ xcode-select --install
  $ pip install watchdog
            
Task exception was never retrieved
future: <Task finished name='Task-203' coro=<WebSocketProtocol13.write_message.<locals>.wrapper() done, defined at /Users/youngrok/.pyenv/versions/3.12.3/lib/python3.12/site-packages/tornado/websocket.py:1111> exception=WebSocketClosedError()>
Traceback (most recent call last):
  File "/Users/youngrok/.pyenv/versions/3.12.3/lib/python3.12/site-packages/tornado/websocket.py", line 1113, in wrapper
    await fut
tornado.iostream.StreamClosedError: Stream is closed

During handling of the above exception, another exception occurred:

Traceback (most recent call last):
  File "/Users/youngrok/.pyenv/versions/3.12.3/lib/python3.12/site-packages/tornado/websocket.py", line 1115, in wrapper
    raise WebSocketClosedError()
tornado.websocket.WebSocketClosedError
